<?xml version="1.0" encoding="UTF-8"?>
<!-- Generated by org.testng.reporters.JUnitXMLReporter -->
<testsuite ignored="0" hostname="BYOD-663311" failures="0" tests="4" name="Test" time="0.136" errors="0" timestamp="2024-07-15T11:31:58 IST">
  <testcase classname="testeng1.sub.Two" name="Login" time="0.022"/>
  <testcase classname="testeng1.sub.Two" name="Register" time="0.003"/>
  <testcase classname="testeng1.sub.One" name="A" time="0.006"/>
  <testcase classname="testeng1.sub.One" name="B" time="0.006"/>
</testsuite> <!-- Test -->
