<?xml version="1.0" encoding="UTF-8"?>
<testng-results ignored="0" total="3" passed="3" failed="0" skipped="0">
  <reporter-output>
  </reporter-output>
  <suite started-at="2024-08-06T15:55:06 IST" name="Default suite" finished-at="2024-08-06T15:56:01 IST" duration-ms="55070">
    <groups>
    </groups>
    <test started-at="2024-08-06T15:55:06 IST" name="Default test" finished-at="2024-08-06T15:56:01 IST" duration-ms="55070">
      <class name="day11.Practice">
        <test-method is-config="true" signature="setup()[pri:0, instance:day11.Practice@4d9e68d0]" started-at="2024-08-06T15:55:08 IST" name="setup" finished-at="2024-08-06T15:55:20 IST" duration-ms="12842" status="PASS">
          <reporter-output>
          </reporter-output>
        </test-method> <!-- setup -->
        <test-method signature="login(java.lang.String,java.lang.String)[pri:0, instance:day11.Practice@4d9e68d0]" started-at="2024-08-06T15:55:20 IST" name="login" data-provider="dp" finished-at="2024-08-06T15:55:23 IST" duration-ms="2579" status="PASS">
          <params>
            <param index="0">
              <value>
                <![CDATA[amotooricap9@gmail.com]]>
              </value>
            </param>
            <param index="1">
              <value>
                <![CDATA[12345]]>
              </value>
            </param>
          </params>
          <reporter-output>
          </reporter-output>
        </test-method> <!-- login -->
        <test-method is-config="true" signature="tearoff()[pri:0, instance:day11.Practice@4d9e68d0]" started-at="2024-08-06T15:55:23 IST" name="tearoff" finished-at="2024-08-06T15:55:24 IST" duration-ms="781" status="PASS">
          <reporter-output>
          </reporter-output>
        </test-method> <!-- tearoff -->
        <test-method is-config="true" signature="setup()[pri:0, instance:day11.Practice@4d9e68d0]" started-at="2024-08-06T15:55:24 IST" name="setup" finished-at="2024-08-06T15:55:31 IST" duration-ms="7336" status="PASS">
          <reporter-output>
          </reporter-output>
        </test-method> <!-- setup -->
        <test-method signature="login(java.lang.String,java.lang.String)[pri:0, instance:day11.Practice@4d9e68d0]" started-at="2024-08-06T15:55:31 IST" name="login" data-provider="dp" finished-at="2024-08-06T15:55:48 IST" duration-ms="16829" status="PASS">
          <params>
            <param index="0">
              <value>
                <![CDATA[amotooricap1@gmail.com]]>
              </value>
            </param>
            <param index="1">
              <value>
                <![CDATA[12345]]>
              </value>
            </param>
          </params>
          <reporter-output>
          </reporter-output>
        </test-method> <!-- login -->
        <test-method is-config="true" signature="tearoff()[pri:0, instance:day11.Practice@4d9e68d0]" started-at="2024-08-06T15:55:48 IST" name="tearoff" finished-at="2024-08-06T15:55:49 IST" duration-ms="764" status="PASS">
          <reporter-output>
          </reporter-output>
        </test-method> <!-- tearoff -->
        <test-method is-config="true" signature="setup()[pri:0, instance:day11.Practice@4d9e68d0]" started-at="2024-08-06T15:55:49 IST" name="setup" finished-at="2024-08-06T15:55:59 IST" duration-ms="10096" status="PASS">
          <reporter-output>
          </reporter-output>
        </test-method> <!-- setup -->
        <test-method signature="login(java.lang.String,java.lang.String)[pri:0, instance:day11.Practice@4d9e68d0]" started-at="2024-08-06T15:55:59 IST" name="login" data-provider="dp" finished-at="2024-08-06T15:56:01 IST" duration-ms="1771" status="PASS">
          <params>
            <param index="0">
              <value>
                <![CDATA[amotooricap3@gmail.com]]>
              </value>
            </param>
            <param index="1">
              <value>
                <![CDATA[12345]]>
              </value>
            </param>
          </params>
          <reporter-output>
          </reporter-output>
        </test-method> <!-- login -->
        <test-method is-config="true" signature="tearoff()[pri:0, instance:day11.Practice@4d9e68d0]" started-at="2024-08-06T15:56:01 IST" name="tearoff" finished-at="2024-08-06T15:56:01 IST" duration-ms="489" status="PASS">
          <reporter-output>
          </reporter-output>
        </test-method> <!-- tearoff -->
      </class> <!-- day11.Practice -->
    </test> <!-- Default test -->
  </suite> <!-- Default suite -->
</testng-results>
